{"level":"error","message":"/logi - GET Ruta no Implementada"}
{"level":"error","message":"/favicon.ico - GET Ruta no Implementada"}
{"level":"error","message":"/favicon.ico - GET Ruta no Implementada"}
{"level":"error","message":"/favicon.ico - GET Ruta no Implementada"}
{"level":"error","message":"/favicon.ico - GET Ruta no Implementada"}
{"level":"error","message":"/favicon.ico - GET Ruta no Implementada"}
{"level":"error","message":"/favicon.ico - GET Ruta no Implementada"}
{"level":"error","message":"/favicon.ico - GET Ruta no Implementada"}
{"level":"error","message":"/favicon.ico - GET Ruta no Implementada"}
{"level":"error","message":"/favicon.ico - GET Ruta no Implementada"}
{"level":"error","message":"/favicon.ico - GET Ruta no Implementada"}
{"level":"error","message":"/favicon.ico - GET Ruta no Implementada"}
{"level":"error","message":"/favicon.ico - GET Ruta no Implementada"}
{"level":"error","message":"/favicon.ico - GET Ruta no Implementada"}
{"level":"error","message":"/favicon.ico - GET Ruta no Implementada"}
{"level":"error","message":"/favicon.ico - GET Ruta no Implementada"}
{"level":"error","message":"/favicon.ico - GET Ruta no Implementada"}
{"level":"error","message":"/favicon.ico - GET Ruta no Implementada"}
{"level":"error","message":"/favicon.ico - GET Ruta no Implementada"}
{"level":"error","message":"/favicon.ico - GET Ruta no Implementada"}
{"level":"error","message":"/favicon.ico - GET Ruta no Implementada"}
{"level":"error","message":"/favicon.ico - GET Ruta no Implementada"}
{"level":"error","message":"/favicon.ico - GET Ruta no Implementada"}
{"level":"error","message":"/favicon.ico - GET Ruta no Implementada"}
{"level":"error","message":"/favicon.ico - GET Ruta no Implementada"}
{"level":"error","message":"/favicon.ico - GET Ruta no Implementada"}
{"level":"error","message":"/favicon.ico - GET Ruta no Implementada"}
{"level":"error","message":"/favicon.ico - GET Ruta no Implementada"}
{"level":"error","message":"/favicon.ico - GET Ruta no Implementada"}
{"level":"error","message":"/favicon.ico - GET Ruta no Implementada"}
{"level":"error","message":"/favicon.ico - GET Ruta no Implementada"}
{"level":"error","message":"/favicon.ico - GET Ruta no Implementada"}
{"level":"error","message":"/favicon.ico - GET Ruta no Implementada"}
{"level":"error","message":"/favicon.ico - GET Ruta no Implementada"}
{"level":"error","message":"/favicon.ico - GET Ruta no Implementada"}
{"level":"error","message":"/favicon.ico - GET Ruta no Implementada"}
{"level":"error","message":"/favicon.ico - GET Ruta no Implementada"}
{"level":"error","message":"error productosDao is not defined","stack":"ReferenceError: productosDao is not defined\n    at addToCart (D:\\Coder\\backend\\Entregas\\PF-3\\utils\\controllers\\carrito.controller.js:40:23)\n    at Layer.handle [as handle_request] (D:\\Coder\\backend\\Entregas\\PF-3\\node_modules\\express\\lib\\router\\layer.js:95:5)\n    at next (D:\\Coder\\backend\\Entregas\\PF-3\\node_modules\\express\\lib\\router\\route.js:144:13)\n    at Route.dispatch (D:\\Coder\\backend\\Entregas\\PF-3\\node_modules\\express\\lib\\router\\route.js:114:3)\n    at Layer.handle [as handle_request] (D:\\Coder\\backend\\Entregas\\PF-3\\node_modules\\express\\lib\\router\\layer.js:95:5)\n    at D:\\Coder\\backend\\Entregas\\PF-3\\node_modules\\express\\lib\\router\\index.js:284:15\n    at param (D:\\Coder\\backend\\Entregas\\PF-3\\node_modules\\express\\lib\\router\\index.js:365:14)\n    at param (D:\\Coder\\backend\\Entregas\\PF-3\\node_modules\\express\\lib\\router\\index.js:376:14)\n    at Function.process_params (D:\\Coder\\backend\\Entregas\\PF-3\\node_modules\\express\\lib\\router\\index.js:421:3)\n    at next (D:\\Coder\\backend\\Entregas\\PF-3\\node_modules\\express\\lib\\router\\index.js:280:10)"}
{"level":"error","message":"/favicon.ico - GET Ruta no Implementada"}
{"level":"error","message":"/favicon.ico - GET Ruta no Implementada"}
{"level":"error","message":"/favicon.ico - GET Ruta no Implementada"}
{"level":"error","message":"/favicon.ico - GET Ruta no Implementada"}
{"level":"error","message":"/favicon.ico - GET Ruta no Implementada"}
{"level":"error","message":"/favicon.ico - GET Ruta no Implementada"}
{"level":"error","message":"error Cannot read properties of null (reading 'productos')","stack":"TypeError: Cannot read properties of null (reading 'productos')\n    at addToCart (D:\\Coder\\backend\\Entregas\\PF-3\\utils\\controllers\\carrito.controller.js:45:15)\n    at processTicksAndRejections (node:internal/process/task_queues:96:5)"}
{"level":"error","message":"error Cannot read properties of null (reading 'productos')","stack":"TypeError: Cannot read properties of null (reading 'productos')\n    at addToCart (D:\\Coder\\backend\\Entregas\\PF-3\\utils\\controllers\\carrito.controller.js:45:15)\n    at processTicksAndRejections (node:internal/process/task_queues:96:5)"}
{"level":"error","message":"/favicon.ico - GET Ruta no Implementada"}
{"level":"error","message":"/favicon.ico - GET Ruta no Implementada"}
{"level":"error","message":"/favicon.ico - GET Ruta no Implementada"}
{"level":"error","message":"/favicon.ico - GET Ruta no Implementada"}
{"level":"error","message":"/favicon.ico - GET Ruta no Implementada"}
{"level":"error","message":"/favicon.ico - GET Ruta no Implementada"}
{"level":"error","message":"/favicon.ico - GET Ruta no Implementada"}
{"level":"error","message":"/favicon.ico - GET Ruta no Implementada"}
{"level":"error","message":"/favicon.ico - GET Ruta no Implementada"}
{"level":"error","message":"/favicon.ico - GET Ruta no Implementada"}
{"level":"error","message":"/favicon.ico - GET Ruta no Implementada"}
{"level":"error","message":"/favicon.ico - GET Ruta no Implementada"}
{"level":"error","message":"/favicon.ico - GET Ruta no Implementada"}
{"level":"error","message":"/favicon.ico - GET Ruta no Implementada"}
{"level":"error","message":"error Cannot read properties of null (reading 'productos')","stack":"TypeError: Cannot read properties of null (reading 'productos')\n    at addToCart (D:\\Coder\\backend\\Entregas\\PF-3\\utils\\controllers\\carrito.controller.js:44:15)\n    at runMicrotasks (<anonymous>)\n    at processTicksAndRejections (node:internal/process/task_queues:96:5)"}
{"level":"error","message":"/favicon.ico - GET Ruta no Implementada"}
{"level":"error","message":"/favicon.ico - GET Ruta no Implementada"}
{"level":"error","message":"/favicon.ico - GET Ruta no Implementada"}
{"level":"error","message":"/favicon.ico - GET Ruta no Implementada"}
{"level":"error","message":"/favicon.ico - GET Ruta no Implementada"}
{"level":"error","message":"/favicon.ico - GET Ruta no Implementada"}
{"level":"error","message":"/favicon.ico - GET Ruta no Implementada"}
{"level":"error","message":"error sessionStorage is not defined","stack":"ReferenceError: sessionStorage is not defined\n    at getProducts (D:\\Coder\\backend\\Entregas\\PF-3\\utils\\controllers\\productos.controller.js:9:16)\n    at Layer.handle [as handle_request] (D:\\Coder\\backend\\Entregas\\PF-3\\node_modules\\express\\lib\\router\\layer.js:95:5)\n    at next (D:\\Coder\\backend\\Entregas\\PF-3\\node_modules\\express\\lib\\router\\route.js:144:13)\n    at checkAuth (D:\\Coder\\backend\\Entregas\\PF-3\\utils\\passport\\passport.js:21:9)\n    at Layer.handle [as handle_request] (D:\\Coder\\backend\\Entregas\\PF-3\\node_modules\\express\\lib\\router\\layer.js:95:5)\n    at next (D:\\Coder\\backend\\Entregas\\PF-3\\node_modules\\express\\lib\\router\\route.js:144:13)\n    at Route.dispatch (D:\\Coder\\backend\\Entregas\\PF-3\\node_modules\\express\\lib\\router\\route.js:114:3)\n    at Layer.handle [as handle_request] (D:\\Coder\\backend\\Entregas\\PF-3\\node_modules\\express\\lib\\router\\layer.js:95:5)\n    at D:\\Coder\\backend\\Entregas\\PF-3\\node_modules\\express\\lib\\router\\index.js:284:15\n    at Function.process_params (D:\\Coder\\backend\\Entregas\\PF-3\\node_modules\\express\\lib\\router\\index.js:346:12)"}
{"level":"error","message":"error id is not defined","stack":"ReferenceError: id is not defined\n    at getProducts (D:\\Coder\\backend\\Entregas\\PF-3\\utils\\controllers\\productos.controller.js:11:56)\n    at processTicksAndRejections (node:internal/process/task_queues:96:5)"}
{"level":"error","message":"error id is not defined","stack":"ReferenceError: id is not defined\n    at getProducts (D:\\Coder\\backend\\Entregas\\PF-3\\utils\\controllers\\productos.controller.js:11:56)\n    at processTicksAndRejections (node:internal/process/task_queues:96:5)"}
{"level":"error","message":"/favicon.ico - GET Ruta no Implementada"}
{"level":"error","message":"error id is not defined","stack":"ReferenceError: id is not defined\n    at getProducts (D:\\Coder\\backend\\Entregas\\PF-3\\utils\\controllers\\productos.controller.js:11:56)\n    at processTicksAndRejections (node:internal/process/task_queues:96:5)"}
{"level":"error","message":"/favicon.ico - GET Ruta no Implementada"}
{"level":"error","message":"/favicon.ico - GET Ruta no Implementada"}
{"level":"error","message":"/favicon.ico - GET Ruta no Implementada"}
{"level":"error","message":"/favicon.ico - GET Ruta no Implementada"}
{"level":"error","message":"/favicon.ico - GET Ruta no Implementada"}
{"level":"error","message":"/favicon.ico - GET Ruta no Implementada"}
{"level":"error","message":"/favicon.ico - GET Ruta no Implementada"}
{"level":"error","message":"/favicon.ico - GET Ruta no Implementada"}
{"level":"error","message":"/favicon.ico - GET Ruta no Implementada"}
{"level":"error","message":"/favicon.ico - GET Ruta no Implementada"}
{"level":"error","message":"/favicon.ico - GET Ruta no Implementada"}
{"level":"error","message":"/favicon.ico - GET Ruta no Implementada"}
{"level":"error","message":"/favicon.ico - GET Ruta no Implementada"}
{"level":"error","message":"/favicon.ico - GET Ruta no Implementada"}
{"level":"error","message":"/favicon.ico - GET Ruta no Implementada"}
{"level":"error","message":"/favicon.ico - GET Ruta no Implementada"}
{"level":"error","message":"/favicon.ico - GET Ruta no Implementada"}
{"level":"error","message":"/favicon.ico - GET Ruta no Implementada"}
{"level":"error","message":"/favicon.ico - GET Ruta no Implementada"}
{"level":"error","message":"/carrito/636d75add4d02deafaee8384 - GET Ruta no Implementada"}
{"level":"error","message":"/favicon.ico - GET Ruta no Implementada"}
{"level":"error","message":"/favicon.ico - GET Ruta no Implementada"}
{"level":"error","message":"/favicon.ico - GET Ruta no Implementada"}
{"level":"error","message":"/carrito/636d75add4d02deafaee8384 - GET Ruta no Implementada"}
{"level":"error","message":"/favicon.ico - GET Ruta no Implementada"}
{"level":"error","message":"/favicon.ico - GET Ruta no Implementada"}
{"level":"error","message":"/favicon.ico - GET Ruta no Implementada"}
{"level":"error","message":"/favicon.ico - GET Ruta no Implementada"}
{"level":"error","message":"/favicon.ico - GET Ruta no Implementada"}
{"level":"error","message":"/favicon.ico - GET Ruta no Implementada"}
{"level":"error","message":"/favicon.ico - GET Ruta no Implementada"}
{"level":"error","message":"Password incorrecto"}
{"level":"error","message":"/favicon.ico - GET Ruta no Implementada"}
{"level":"error","message":"/favicon.ico - GET Ruta no Implementada"}
{"level":"error","message":"/favicon.ico - GET Ruta no Implementada"}
{"level":"error","message":"/favicon.ico - GET Ruta no Implementada"}
{"level":"error","message":"/productos-test/login - GET Ruta no Implementada"}
{"level":"error","message":"/favicon.ico - GET Ruta no Implementada"}
